[debug] [2022-11-20T17:10:35.262Z] ----------------------------------------------------------------------
[debug] [2022-11-20T17:10:35.264Z] Command:       C:\Program Files\nodejs\node.exe C:\Users\Saumya Karnwal\AppData\Roaming\npm\node_modules\firebase-tools\lib\bin\firebase.js init
[debug] [2022-11-20T17:10:35.265Z] CLI Version:   11.16.1
[debug] [2022-11-20T17:10:35.265Z] Platform:      win32
[debug] [2022-11-20T17:10:35.265Z] Node Version:  v16.17.1
[debug] [2022-11-20T17:10:35.266Z] Time:          Sun Nov 20 2022 22:40:35 GMT+0530 (India Standard Time)
[debug] [2022-11-20T17:10:35.266Z] ----------------------------------------------------------------------
[debug] 
[debug] [2022-11-20T17:10:35.334Z] > command requires scopes: ["email","openid","https://www.googleapis.com/auth/cloudplatformprojects.readonly","https://www.googleapis.com/auth/firebase","https://www.googleapis.com/auth/cloud-platform"]
[debug] [2022-11-20T17:10:35.335Z] > authorizing via signed-in user (sau.kar.03@gmail.com)
[info] 
     ######## #### ########  ######## ########     ###     ######  ########
     ##        ##  ##     ## ##       ##     ##  ##   ##  ##       ##
     ######    ##  ########  ######   ########  #########  ######  ######
     ##        ##  ##    ##  ##       ##     ## ##     ##       ## ##
     ##       #### ##     ## ######## ########  ##     ##  ######  ########

You're about to initialize a Firebase project in this directory:

  C:\Users\Saumya Karnwal\air-bnb-clown-saumya

Before we get started, keep in mind:

  * You are initializing within an existing Firebase project directory

[info] 
=== Project Setup
[info] 
[info] First, let's associate this project directory with a Firebase project.
[info] You can create multiple project aliases by running firebase use --add, 
[info] but for now we'll just set up a default project.
[info] 
[debug] [2022-11-20T17:11:05.220Z] Using project from CLI flag: air-bnb-clown
[debug] [2022-11-20T17:11:05.222Z] >>> [apiv2][query] GET https://firebase.googleapis.com/v1beta1/projects/air-bnb-clown [none]
[debug] [2022-11-20T17:11:05.738Z] <<< [apiv2][status] GET https://firebase.googleapis.com/v1beta1/projects/air-bnb-clown 200
[debug] [2022-11-20T17:11:05.738Z] <<< [apiv2][body] GET https://firebase.googleapis.com/v1beta1/projects/air-bnb-clown {"projectId":"air-bnb-clown","projectNumber":"754996764195","displayName":"air-bnb-clone","name":"projects/air-bnb-clown","resources":{"hostingSite":"air-bnb-clown","storageBucket":"air-bnb-clown.appspot.com","locationId":"us-central"},"state":"ACTIVE","etag":"1_f3cf4fc8-a588-40a5-8777-203c85c937f7"}
[info] i  Using project air-bnb-clown (air-bnb-clone) 
[info] 
=== Storage Setup
[info] 
[info] Firebase Storage Security Rules allow you to define how and when to allow
[info] uploads and downloads. You can keep these rules in your project directory
[info] and publish them with firebase deploy.
[info] 
[debug] [2022-11-20T17:11:35.778Z] ----------------------------------------------------------------------
[debug] [2022-11-20T17:11:35.780Z] Command:       C:\Program Files\nodejs\node.exe C:\Users\Saumya Karnwal\AppData\Roaming\npm\node_modules\firebase-tools\lib\bin\firebase.js init
[debug] [2022-11-20T17:11:35.780Z] CLI Version:   11.16.1
[debug] [2022-11-20T17:11:35.781Z] Platform:      win32
[debug] [2022-11-20T17:11:35.781Z] Node Version:  v16.17.1
[debug] [2022-11-20T17:11:35.781Z] Time:          Sun Nov 20 2022 22:41:35 GMT+0530 (India Standard Time)
[debug] [2022-11-20T17:11:35.782Z] ----------------------------------------------------------------------
[debug] 
[debug] [2022-11-20T17:11:35.863Z] > command requires scopes: ["email","openid","https://www.googleapis.com/auth/cloudplatformprojects.readonly","https://www.googleapis.com/auth/firebase","https://www.googleapis.com/auth/cloud-platform"]
[debug] [2022-11-20T17:11:35.864Z] > authorizing via signed-in user (sau.kar.03@gmail.com)
[info] 
     ######## #### ########  ######## ########     ###     ######  ########
     ##        ##  ##     ## ##       ##     ##  ##   ##  ##       ##
     ######    ##  ########  ######   ########  #########  ######  ######
     ##        ##  ##    ##  ##       ##     ## ##     ##       ## ##
     ##       #### ##     ## ######## ########  ##     ##  ######  ########

You're about to initialize a Firebase project in this directory:

  C:\Users\Saumya Karnwal\air-bnb-clown-saumya

Before we get started, keep in mind:

  * You are initializing within an existing Firebase project directory

